<html>
<head>
<title>TestNG:  FirefoxTest</title>
<link href="../testng.css" rel="stylesheet" type="text/css" />
<link href="../my-testng.css" rel="stylesheet" type="text/css" />

<style type="text/css">
.log { display: none;} 
.stack-trace { display: none;} 
</style>
<script type="text/javascript">
<!--
function flip(e) {
  current = e.style.display;
  if (current == 'block') {
    e.style.display = 'none';
    return 0;
  }
  else {
    e.style.display = 'block';
    return 1;
  }
}

function toggleBox(szDivId, elem, msg1, msg2)
{
  var res = -1;  if (document.getElementById) {
    res = flip(document.getElementById(szDivId));
  }
  else if (document.all) {
    // this is the way old msie versions work
    res = flip(document.all[szDivId]);
  }
  if(elem) {
    if(res == 0) elem.innerHTML = msg1; else elem.innerHTML = msg2;
  }

}

function toggleAllBoxes() {
  if (document.getElementsByTagName) {
    d = document.getElementsByTagName('div');
    for (i = 0; i < d.length; i++) {
      if (d[i].className == 'log') {
        flip(d[i]);
      }
    }
  }
}

// -->
</script>

</head>
<body>
<h2 align='center'>FirefoxTest</h2><table border='1' align="center">
<tr>
<td>Tests passed/Failed/Skipped:</td><td>15/1/0</td>
</tr><tr>
<td>Started on:</td><td>Wed Aug 21 03:39:48 EDT 2019</td>
</tr>
<tr><td>Total time:</td><td>160 seconds (160899 ms)</td>
</tr><tr>
<td>Included groups:</td><td></td>
</tr><tr>
<td>Excluded groups:</td><td></td>
</tr>
</table><p/>
<small><i>(Hover the method name to see the test class name)</i></small><p/>
<table width='100%' border='1' class='invocation-failed'>
<tr><td colspan='4' align='center'><b>FAILED TESTS</b></td></tr>
<tr><td><b>Test method</b></td>
<td width="30%"><b>Exception</b></td>
<td width="10%"><b>Time (seconds)</b></td>
<td><b>Instance</b></td>
</tr>
<tr>
<td title='com.qa.testcases.LoginPageTest.isEnterKeyAllowed()'><b>isEnterKeyAllowed</b><br>Test class: com.qa.testcases.LoginPageTest</td>
<td><div><pre>java.lang.AssertionError: expected:&lt;http://automationpractice.com/index.php?controller=authentication&amp;back=my-account&gt; but was:&lt;http://automationpractice.com/index.php?controller=my-account&gt;
	at com.qa.testcases.LoginPageTest.isEnterKeyAllowed(LoginPageTest.java:193)
... Removed 31 stack frames</pre></div><a href='#' onClick='toggleBox("stack-trace940943313", this, "Click to show all stack frames", "Click to hide stack frames")'>Click to show all stack frames</a>
<div class='stack-trace' id='stack-trace940943313'><pre>java.lang.AssertionError: expected:&lt;http://automationpractice.com/index.php?controller=authentication&amp;back=my-account&gt; but was:&lt;http://automationpractice.com/index.php?controller=my-account&gt;
	at org.testng.AssertJUnit.assertEquals(AssertJUnit.java:101)
	at org.testng.AssertJUnit.assertEquals(AssertJUnit.java:108)
	at com.qa.testcases.LoginPageTest.isEnterKeyAllowed(LoginPageTest.java:193)
	at sun.reflect.NativeMethodAccessorImpl.invoke0(Native Method)
	at sun.reflect.NativeMethodAccessorImpl.invoke(NativeMethodAccessorImpl.java:62)
	at sun.reflect.DelegatingMethodAccessorImpl.invoke(DelegatingMethodAccessorImpl.java:43)
	at java.lang.reflect.Method.invoke(Method.java:498)
	at org.testng.internal.MethodInvocationHelper.invokeMethod(MethodInvocationHelper.java:108)
	at org.testng.internal.Invoker.invokeMethod(Invoker.java:661)
	at org.testng.internal.Invoker.invokeTestMethod(Invoker.java:869)
	at org.testng.internal.Invoker.invokeTestMethods(Invoker.java:1193)
	at org.testng.internal.TestMethodWorker.invokeTestMethods(TestMethodWorker.java:126)
	at org.testng.internal.TestMethodWorker.run(TestMethodWorker.java:109)
	at org.testng.TestRunner.privateRun(TestRunner.java:744)
	at org.testng.TestRunner.run(TestRunner.java:602)
	at org.testng.SuiteRunner.runTest(SuiteRunner.java:380)
	at org.testng.SuiteRunner.runSequentially(SuiteRunner.java:375)
	at org.testng.SuiteRunner.privateRun(SuiteRunner.java:340)
	at org.testng.SuiteRunner.run(SuiteRunner.java:289)
	at org.testng.SuiteRunnerWorker.runSuite(SuiteRunnerWorker.java:52)
	at org.testng.SuiteRunnerWorker.run(SuiteRunnerWorker.java:86)
	at org.testng.TestNG.runSuitesSequentially(TestNG.java:1301)
	at org.testng.TestNG.runSuitesLocally(TestNG.java:1226)
	at org.testng.TestNG.runSuites(TestNG.java:1144)
	at org.testng.TestNG.run(TestNG.java:1115)
	at org.apache.maven.surefire.testng.TestNGExecutor.run(TestNGExecutor.java:283)
	at org.apache.maven.surefire.testng.TestNGXmlTestSuite.execute(TestNGXmlTestSuite.java:75)
	at org.apache.maven.surefire.testng.TestNGProvider.invoke(TestNGProvider.java:120)
	at org.apache.maven.surefire.booter.ForkedBooter.invokeProviderInSameClassLoader(ForkedBooter.java:384)
	at org.apache.maven.surefire.booter.ForkedBooter.runSuitesInProcess(ForkedBooter.java:345)
	at org.apache.maven.surefire.booter.ForkedBooter.execute(ForkedBooter.java:126)
	at org.apache.maven.surefire.booter.ForkedBooter.main(ForkedBooter.java:418)
</pre></div></td>
<td>0</td>
<td>com.qa.testcases.LoginPageTest@4439f31e</td></tr>
</table><p>
<table width='100%' border='1' class='invocation-passed'>
<tr><td colspan='4' align='center'><b>PASSED TESTS</b></td></tr>
<tr><td><b>Test method</b></td>
<td width="30%"><b>Exception</b></td>
<td width="10%"><b>Time (seconds)</b></td>
<td><b>Instance</b></td>
</tr>
<tr>
<td title='com.qa.testcases.LoginPageTest.emptyCredentials()'><b>emptyCredentials</b><br>Test class: com.qa.testcases.LoginPageTest</td>
<td></td>
<td>1</td>
<td>com.qa.testcases.LoginPageTest@4439f31e</td></tr>
<tr>
<td title='com.qa.testcases.LoginPageTest.emptyPassword()'><b>emptyPassword</b><br>Test class: com.qa.testcases.LoginPageTest</td>
<td></td>
<td>1</td>
<td>com.qa.testcases.LoginPageTest@4439f31e</td></tr>
<tr>
<td title='com.qa.testcases.LoginPageTest.emptyUsername()'><b>emptyUsername</b><br>Test class: com.qa.testcases.LoginPageTest</td>
<td></td>
<td>1</td>
<td>com.qa.testcases.LoginPageTest@4439f31e</td></tr>
<tr>
<td title='com.qa.testcases.ForgetPasswordPageTest.emptyUsername()'><b>emptyUsername</b><br>Test class: com.qa.testcases.ForgetPasswordPageTest</td>
<td></td>
<td>0</td>
<td>com.qa.testcases.ForgetPasswordPageTest@5dfcfece</td></tr>
<tr>
<td title='com.qa.testcases.LoginPageTest.invalidPassword()'><b>invalidPassword</b><br>Test class: com.qa.testcases.LoginPageTest</td>
<td></td>
<td>1</td>
<td>com.qa.testcases.LoginPageTest@4439f31e</td></tr>
<tr>
<td title='com.qa.testcases.ForgetPasswordPageTest.invalidUsername()'><b>invalidUsername</b><br>Test class: com.qa.testcases.ForgetPasswordPageTest</td>
<td></td>
<td>1</td>
<td>com.qa.testcases.ForgetPasswordPageTest@5dfcfece</td></tr>
<tr>
<td title='com.qa.testcases.LoginPageTest.invalidUsername()'><b>invalidUsername</b><br>Test class: com.qa.testcases.LoginPageTest</td>
<td></td>
<td>1</td>
<td>com.qa.testcases.LoginPageTest@4439f31e</td></tr>
<tr>
<td title='com.qa.testcases.LoginPageTest.isPasswordVisible()'><b>isPasswordVisible</b><br>Test class: com.qa.testcases.LoginPageTest</td>
<td></td>
<td>0</td>
<td>com.qa.testcases.LoginPageTest@4439f31e</td></tr>
<tr>
<td title='com.qa.testcases.LoginPageTest.logoImageTest()'><b>logoImageTest</b><br>Test class: com.qa.testcases.LoginPageTest</td>
<td></td>
<td>0</td>
<td>com.qa.testcases.LoginPageTest@4439f31e</td></tr>
<tr>
<td title='com.qa.testcases.ForgetPasswordPageTest.redirectedToForgotPasswordPage()'><b>redirectedToForgotPasswordPage</b><br>Test class: com.qa.testcases.ForgetPasswordPageTest</td>
<td></td>
<td>1</td>
<td>com.qa.testcases.ForgetPasswordPageTest@5dfcfece</td></tr>
<tr>
<td title='com.qa.testcases.ForgetPasswordPageTest.unregisteredUsername()'><b>unregisteredUsername</b><br>Test class: com.qa.testcases.ForgetPasswordPageTest</td>
<td></td>
<td>1</td>
<td>com.qa.testcases.ForgetPasswordPageTest@5dfcfece</td></tr>
<tr>
<td title='com.qa.testcases.LoginPageTest.unregisteredUsername()'><b>unregisteredUsername</b><br>Test class: com.qa.testcases.LoginPageTest</td>
<td></td>
<td>1</td>
<td>com.qa.testcases.LoginPageTest@4439f31e</td></tr>
<tr>
<td title='com.qa.testcases.LoginPageTest.validCredentials()'><b>validCredentials</b><br>Test class: com.qa.testcases.LoginPageTest</td>
<td></td>
<td>1</td>
<td>com.qa.testcases.LoginPageTest@4439f31e</td></tr>
<tr>
<td title='com.qa.testcases.ForgetPasswordPageTest.validUsername()'><b>validUsername</b><br>Test class: com.qa.testcases.ForgetPasswordPageTest</td>
<td></td>
<td>1</td>
<td>com.qa.testcases.ForgetPasswordPageTest@5dfcfece</td></tr>
<tr>
<td title='com.qa.testcases.LoginPageTest.validateLoginPageTitle()'><b>validateLoginPageTitle</b><br>Test class: com.qa.testcases.LoginPageTest</td>
<td></td>
<td>0</td>
<td>com.qa.testcases.LoginPageTest@4439f31e</td></tr>
</table><p>
</body>
</html>