<?xml version="1.0" encoding="UTF-8"?>
<!-- Generated by org.testng.reporters.JUnitXMLReporter -->
<testsuite hostname="santhoshs-MacBook-Air.local" ignored="16" name="Test" tests="3" failures="0" timestamp="20 Aug 2019 02:47:16 GMT" time="0.086" errors="0">
  <testcase name="@BeforeMethod setUp" time="0.0" classname="com.qa.testcases.LoginPageTest">
    <failure type="org.testng.TestNGException" message="
Parameter &amp;apos;browser&amp;apos; is required by BeforeMethod on method setUp but has not been marked @Optional or defined
in /Users/santhoshdamodharan/Documents/workspace/PathFactory/testng.xml">
      <![CDATA[org.testng.TestNGException: 
Parameter 'browser' is required by BeforeMethod on method setUp but has not been marked @Optional or defined
in /Users/santhoshdamodharan/Documents/workspace/PathFactory/testng.xml
... Removed 25 stack frames]]>
    </failure>
  </testcase> <!-- @BeforeMethod setUp -->
  <testcase name="@AfterMethod tearDown" time="0.0" classname="com.qa.testcases.LoginPageTest">
    <skipped/>
  </testcase> <!-- @AfterMethod tearDown -->
  <testcase name="@BeforeMethod setUp" time="0.0" classname="com.qa.testcases.ForgetPasswordPageTest">
    <failure type="org.testng.TestNGException" message="
Parameter &amp;apos;browser&amp;apos; is required by BeforeMethod on method setUp but has not been marked @Optional or defined
in /Users/santhoshdamodharan/Documents/workspace/PathFactory/testng.xml">
      <![CDATA[org.testng.TestNGException: 
Parameter 'browser' is required by BeforeMethod on method setUp but has not been marked @Optional or defined
in /Users/santhoshdamodharan/Documents/workspace/PathFactory/testng.xml
... Removed 25 stack frames]]>
    </failure>
  </testcase> <!-- @BeforeMethod setUp -->
  <testcase name="@AfterMethod tearDown" time="0.0" classname="com.qa.testcases.ForgetPasswordPageTest">
    <skipped/>
  </testcase> <!-- @AfterMethod tearDown -->
  <testcase name="@BeforeMethod setUp" time="0.0" classname="com.qa.testcases.SignupPageTest">
    <failure type="org.testng.TestNGException" message="
Parameter &amp;apos;browser&amp;apos; is required by BeforeMethod on method setUp but has not been marked @Optional or defined
in /Users/santhoshdamodharan/Documents/workspace/PathFactory/testng.xml">
      <![CDATA[org.testng.TestNGException: 
Parameter 'browser' is required by BeforeMethod on method setUp but has not been marked @Optional or defined
in /Users/santhoshdamodharan/Documents/workspace/PathFactory/testng.xml
... Removed 25 stack frames]]>
    </failure>
  </testcase> <!-- @BeforeMethod setUp -->
  <testcase name="@AfterMethod tearDown" time="0.0" classname="com.qa.testcases.SignupPageTest">
    <skipped/>
  </testcase> <!-- @AfterMethod tearDown -->
  <testcase name="validateLoginPageTitle" time="0.0" classname="com.qa.testcases.LoginPageTest">
    <skipped/>
  </testcase> <!-- validateLoginPageTitle -->
  <testcase name="redirectedToForgotPasswordPage" time="0.0" classname="com.qa.testcases.ForgetPasswordPageTest">
    <skipped/>
  </testcase> <!-- redirectedToForgotPasswordPage -->
  <testcase name="signUpScreenTestcase" time="0.0" classname="com.qa.testcases.SignupPageTest">
    <skipped/>
  </testcase> <!-- signUpScreenTestcase -->
  <testcase name="unSuccessfulLoginAttempts" time="0.0" classname="com.qa.testcases.LoginPageTest">
    <ignored/>
  </testcase> <!-- unSuccessfulLoginAttempts -->
  <testcase name="decipheringPassword" time="0.0" classname="com.qa.testcases.LoginPageTest">
    <ignored/>
  </testcase> <!-- decipheringPassword -->
  <testcase name="backButtonAfterLogout" time="0.0" classname="com.qa.testcases.LoginPageTest">
    <ignored/>
  </testcase> <!-- backButtonAfterLogout -->
  <testcase name="validUsername" time="0.0" classname="com.qa.testcases.ForgetPasswordPageTest">
    <ignored/>
  </testcase> <!-- validUsername -->
  <testcase name="newPasswordLogin" time="0.0" classname="com.qa.testcases.ForgetPasswordPageTest">
    <ignored/>
  </testcase> <!-- newPasswordLogin -->
  <testcase name="differentBrowserLogin" time="0.0" classname="com.qa.testcases.LoginPageTest">
    <ignored/>
  </testcase> <!-- differentBrowserLogin -->
  <testcase name="isLoginElementPresent" time="0.0" classname="com.qa.testcases.LoginPageTest">
    <ignored/>
  </testcase> <!-- isLoginElementPresent -->
  <testcase name="differentWindowLogin" time="0.0" classname="com.qa.testcases.LoginPageTest">
    <ignored/>
  </testcase> <!-- differentWindowLogin -->
  <testcase name="usernameLength" time="0.0" classname="com.qa.testcases.LoginPageTest">
    <ignored/>
  </testcase> <!-- usernameLength -->
  <testcase name="inActiveCredentials" time="0.0" classname="com.qa.testcases.LoginPageTest">
    <ignored/>
  </testcase> <!-- inActiveCredentials -->
  <testcase name="oldPasswordLogin" time="0.0" classname="com.qa.testcases.ForgetPasswordPageTest">
    <ignored/>
  </testcase> <!-- oldPasswordLogin -->
  <testcase name="passwordLength" time="0.0" classname="com.qa.testcases.LoginPageTest">
    <ignored/>
  </testcase> <!-- passwordLength -->
  <testcase name="usernameLength2" time="0.0" classname="com.qa.testcases.LoginPageTest">
    <ignored/>
  </testcase> <!-- usernameLength2 -->
  <testcase name="backButtonAfterLogin" time="0.0" classname="com.qa.testcases.LoginPageTest">
    <ignored/>
  </testcase> <!-- backButtonAfterLogin -->
  <testcase name="reopenApplicationWindow" time="0.0" classname="com.qa.testcases.LoginPageTest">
    <ignored/>
  </testcase> <!-- reopenApplicationWindow -->
  <testcase name="differentTabLogin" time="0.0" classname="com.qa.testcases.LoginPageTest">
    <ignored/>
  </testcase> <!-- differentTabLogin -->
</testsuite> <!-- Test -->
