<?xml version="1.0" encoding="UTF-8"?>
<!-- Generated by org.testng.reporters.JUnitReportReporter -->
<testsuite skipped="24" hostname="santhoshs-MacBook-Air.local" name="com.qa.testcases.LoginPageTest" tests="25" failures="0" timestamp="20 Aug 2019 04:10:22 GMT" time="8.598" errors="1">
  <testcase name="setUp" time="8.598" classname="com.qa.testcases.LoginPageTest">
    <error type="org.openqa.selenium.NoSuchWindowException" message="no such window: target window already closed
from unknown error: web view not found
  (Session info: chrome=76.0.3809.100)
Build info: version: &#039;3.141.59&#039;, revision: &#039;e82be7d358&#039;, time: &#039;2018-11-14T08:17:03&#039;
System info: host: &#039;santhoshs-MacBook-Air.local&#039;, ip: &#039;fd00:c47:3da2:9f12:683c:cc45:6298:90ca&#039;, os.name: &#039;Mac OS X&#039;, os.arch: &#039;x86_64&#039;, os.version: &#039;10.12.6&#039;, java.version: &#039;1.8.0_144&#039;
Driver info: org.openqa.selenium.chrome.ChromeDriver
Capabilities {acceptInsecureCerts: false, browserName: chrome, browserVersion: 76.0.3809.100, chrome: {chromedriverVersion: 75.0.3770.90 (a6dcaf7e3ec6f..., userDataDir: /var/folders/v4/w9n_pmld4_5...}, goog:chromeOptions: {debuggerAddress: localhost:57696}, javascriptEnabled: true, networkConnectionEnabled: false, pageLoadStrategy: normal, platform: MAC, platformName: MAC, proxy: Proxy(), setWindowRect: true, strictFileInteractability: false, timeouts: {implicit: 0, pageLoad: 300000, script: 30000}, unhandledPromptBehavior: dismiss and notify}
Session ID: fe086e5d64201e302368af7d58c54623
*** Element info: {Using=xpath, value=//a[@class=&#039;login&#039;]}">
      <![CDATA[org.openqa.selenium.NoSuchWindowException: no such window: target window already closed
from unknown error: web view not found
  (Session info: chrome=76.0.3809.100)
Build info: version: '3.141.59', revision: 'e82be7d358', time: '2018-11-14T08:17:03'
System info: host: 'santhoshs-MacBook-Air.local', ip: 'fd00:c47:3da2:9f12:683c:cc45:6298:90ca', os.name: 'Mac OS X', os.arch: 'x86_64', os.version: '10.12.6', java.version: '1.8.0_144'
Driver info: org.openqa.selenium.chrome.ChromeDriver
Capabilities {acceptInsecureCerts: false, browserName: chrome, browserVersion: 76.0.3809.100, chrome: {chromedriverVersion: 75.0.3770.90 (a6dcaf7e3ec6f..., userDataDir: /var/folders/v4/w9n_pmld4_5...}, goog:chromeOptions: {debuggerAddress: localhost:57696}, javascriptEnabled: true, networkConnectionEnabled: false, pageLoadStrategy: normal, platform: MAC, platformName: MAC, proxy: Proxy(), setWindowRect: true, strictFileInteractability: false, timeouts: {implicit: 0, pageLoad: 300000, script: 30000}, unhandledPromptBehavior: dismiss and notify}
Session ID: fe086e5d64201e302368af7d58c54623
*** Element info: {Using=xpath, value=//a[@class='login']}
	at sun.reflect.NativeConstructorAccessorImpl.newInstance0(Native Method)
	at sun.reflect.NativeConstructorAccessorImpl.newInstance(NativeConstructorAccessorImpl.java:62)
	at sun.reflect.DelegatingConstructorAccessorImpl.newInstance(DelegatingConstructorAccessorImpl.java:45)
	at java.lang.reflect.Constructor.newInstance(Constructor.java:423)
	at org.openqa.selenium.remote.http.W3CHttpResponseCodec.createException(W3CHttpResponseCodec.java:187)
	at org.openqa.selenium.remote.http.W3CHttpResponseCodec.decode(W3CHttpResponseCodec.java:122)
	at org.openqa.selenium.remote.http.W3CHttpResponseCodec.decode(W3CHttpResponseCodec.java:49)
	at org.openqa.selenium.remote.HttpCommandExecutor.execute(HttpCommandExecutor.java:158)
	at org.openqa.selenium.remote.service.DriverCommandExecutor.execute(DriverCommandExecutor.java:83)
	at org.openqa.selenium.remote.RemoteWebDriver.execute(RemoteWebDriver.java:552)
	at org.openqa.selenium.remote.RemoteWebDriver.findElement(RemoteWebDriver.java:323)
	at org.openqa.selenium.remote.RemoteWebDriver.findElementByXPath(RemoteWebDriver.java:428)
	at org.openqa.selenium.By$ByXPath.findElement(By.java:353)
	at org.openqa.selenium.remote.RemoteWebDriver.findElement(RemoteWebDriver.java:315)
	at com.qa.page.HomePage.clickSignIn(HomePage.java:29)
	at com.qa.testcases.LoginPageTest.setUp(LoginPageTest.java:53)
	at sun.reflect.NativeMethodAccessorImpl.invoke0(Native Method)
	at sun.reflect.NativeMethodAccessorImpl.invoke(NativeMethodAccessorImpl.java:62)
	at sun.reflect.DelegatingMethodAccessorImpl.invoke(DelegatingMethodAccessorImpl.java:43)
	at java.lang.reflect.Method.invoke(Method.java:498)
	at org.testng.internal.MethodInvocationHelper.invokeMethod(MethodInvocationHelper.java:108)
	at org.testng.internal.Invoker.invokeConfigurationMethod(Invoker.java:523)
	at org.testng.internal.Invoker.invokeConfigurations(Invoker.java:224)
	at org.testng.internal.Invoker.invokeMethod(Invoker.java:599)
	at org.testng.internal.Invoker.invokeTestMethod(Invoker.java:869)
	at org.testng.internal.Invoker.invokeTestMethods(Invoker.java:1193)
	at org.testng.internal.TestMethodWorker.invokeTestMethods(TestMethodWorker.java:126)
	at org.testng.internal.TestMethodWorker.run(TestMethodWorker.java:109)
	at org.testng.TestRunner.privateRun(TestRunner.java:744)
	at org.testng.TestRunner.run(TestRunner.java:602)
	at org.testng.SuiteRunner.runTest(SuiteRunner.java:380)
	at org.testng.SuiteRunner.runSequentially(SuiteRunner.java:375)
	at org.testng.SuiteRunner.privateRun(SuiteRunner.java:340)
	at org.testng.SuiteRunner.run(SuiteRunner.java:289)
	at org.testng.SuiteRunnerWorker.runSuite(SuiteRunnerWorker.java:52)
	at org.testng.SuiteRunnerWorker.run(SuiteRunnerWorker.java:86)
	at org.testng.TestNG.runSuitesSequentially(TestNG.java:1301)
	at org.testng.TestNG.runSuitesLocally(TestNG.java:1226)
	at org.testng.TestNG.runSuites(TestNG.java:1144)
	at org.testng.TestNG.run(TestNG.java:1115)
	at org.apache.maven.surefire.testng.TestNGExecutor.run(TestNGExecutor.java:283)
	at org.apache.maven.surefire.testng.TestNGXmlTestSuite.execute(TestNGXmlTestSuite.java:75)
	at org.apache.maven.surefire.testng.TestNGProvider.invoke(TestNGProvider.java:120)
	at org.apache.maven.surefire.booter.ForkedBooter.invokeProviderInSameClassLoader(ForkedBooter.java:384)
	at org.apache.maven.surefire.booter.ForkedBooter.runSuitesInProcess(ForkedBooter.java:345)
	at org.apache.maven.surefire.booter.ForkedBooter.execute(ForkedBooter.java:126)
	at org.apache.maven.surefire.booter.ForkedBooter.main(ForkedBooter.java:418)
]]>
    </error>
  </testcase> <!-- setUp -->
  <testcase name="validateLoginPageTitle" time="0.000" classname="com.qa.testcases.LoginPageTest">
    <skipped/>
  </testcase> <!-- validateLoginPageTitle -->
  <testcase name="logoImageTest" time="0.000" classname="com.qa.testcases.LoginPageTest">
    <skipped/>
  </testcase> <!-- logoImageTest -->
  <testcase name="validCredentials" time="0.000" classname="com.qa.testcases.LoginPageTest">
    <skipped/>
  </testcase> <!-- validCredentials -->
  <testcase name="emptyCredentials" time="0.000" classname="com.qa.testcases.LoginPageTest">
    <skipped/>
  </testcase> <!-- emptyCredentials -->
  <testcase name="emptyUsername" time="0.000" classname="com.qa.testcases.LoginPageTest">
    <skipped/>
  </testcase> <!-- emptyUsername -->
  <testcase name="emptyPassword" time="0.000" classname="com.qa.testcases.LoginPageTest">
    <skipped/>
  </testcase> <!-- emptyPassword -->
  <testcase name="unregisteredUsername" time="0.000" classname="com.qa.testcases.LoginPageTest">
    <skipped/>
  </testcase> <!-- unregisteredUsername -->
  <testcase name="invalidPassword" time="0.000" classname="com.qa.testcases.LoginPageTest">
    <skipped/>
  </testcase> <!-- invalidPassword -->
  <testcase name="invalidUsername" time="0.000" classname="com.qa.testcases.LoginPageTest">
    <skipped/>
  </testcase> <!-- invalidUsername -->
  <testcase name="isPasswordVisible" time="0.000" classname="com.qa.testcases.LoginPageTest">
    <skipped/>
  </testcase> <!-- isPasswordVisible -->
  <testcase name="isEnterKeyAllowed" time="0.000" classname="com.qa.testcases.LoginPageTest">
    <skipped/>
  </testcase> <!-- isEnterKeyAllowed -->
  <testcase name="unSuccessfulLoginAttempts" classname="com.qa.testcases.LoginPageTest">
    <skipped/>
  </testcase> <!-- unSuccessfulLoginAttempts -->
  <testcase name="decipheringPassword" classname="com.qa.testcases.LoginPageTest">
    <skipped/>
  </testcase> <!-- decipheringPassword -->
  <testcase name="backButtonAfterLogout" classname="com.qa.testcases.LoginPageTest">
    <skipped/>
  </testcase> <!-- backButtonAfterLogout -->
  <testcase name="differentBrowserLogin" classname="com.qa.testcases.LoginPageTest">
    <skipped/>
  </testcase> <!-- differentBrowserLogin -->
  <testcase name="isLoginElementPresent" classname="com.qa.testcases.LoginPageTest">
    <skipped/>
  </testcase> <!-- isLoginElementPresent -->
  <testcase name="differentWindowLogin" classname="com.qa.testcases.LoginPageTest">
    <skipped/>
  </testcase> <!-- differentWindowLogin -->
  <testcase name="usernameLength" classname="com.qa.testcases.LoginPageTest">
    <skipped/>
  </testcase> <!-- usernameLength -->
  <testcase name="inActiveCredentials" classname="com.qa.testcases.LoginPageTest">
    <skipped/>
  </testcase> <!-- inActiveCredentials -->
  <testcase name="passwordLength" classname="com.qa.testcases.LoginPageTest">
    <skipped/>
  </testcase> <!-- passwordLength -->
  <testcase name="usernameLength2" classname="com.qa.testcases.LoginPageTest">
    <skipped/>
  </testcase> <!-- usernameLength2 -->
  <testcase name="backButtonAfterLogin" classname="com.qa.testcases.LoginPageTest">
    <skipped/>
  </testcase> <!-- backButtonAfterLogin -->
  <testcase name="reopenApplicationWindow" classname="com.qa.testcases.LoginPageTest">
    <skipped/>
  </testcase> <!-- reopenApplicationWindow -->
  <testcase name="differentTabLogin" classname="com.qa.testcases.LoginPageTest">
    <skipped/>
  </testcase> <!-- differentTabLogin -->
</testsuite> <!-- com.qa.testcases.LoginPageTest -->
